23-03-31 08:49:55.382 - INFO: Create the log file in directory experiments/train_inpainting_rail_230331_084954.

23-03-31 08:49:56.149 - INFO: Dataset [InpaintDataset() form data.dataset] is created.
23-03-31 08:49:56.198 - INFO: Dataset for train have 158 samples.
23-03-31 08:49:56.198 - INFO: Dataset for val have 2 samples.
23-03-31 08:49:57.118 - INFO: Network [Network() form models.network] is created.
23-03-31 08:49:57.119 - INFO: Network [Network] weights initialize using [kaiming] method.
23-03-31 08:49:57.768 - WARNING: Config is a str, converts to a dict {'name': 'mae'}
23-03-31 08:49:58.846 - INFO: Metric [mae() form models.metric] is created.
23-03-31 08:49:58.847 - WARNING: Config is a str, converts to a dict {'name': 'mse_loss'}
23-03-31 08:49:58.847 - INFO: Loss [mse_loss() form models.loss] is created.
23-03-31 08:50:33.111 - INFO: Beign loading pretrained model [Network] ...
23-03-31 08:50:33.112 - WARNING: Pretrained model in [checkpoint/rail/190_Network.pth] is not existed, Skip it
23-03-31 08:50:33.113 - INFO: Beign loading pretrained model [Network_ema] ...
23-03-31 08:50:33.113 - WARNING: Pretrained model in [checkpoint/rail/190_Network_ema.pth] is not existed, Skip it
23-03-31 08:50:33.119 - INFO: Beign loading training states
23-03-31 08:50:33.120 - WARNING: Training state in [checkpoint/rail/190.state] is not existed, Skip it
23-03-31 08:50:33.171 - INFO: Model [Palette() form models.model] is created.
23-03-31 08:50:33.172 - INFO: Begin model train.
23-03-31 08:52:15.235 - INFO: train/mse_loss: 0.14103575366773183	
23-03-31 08:52:15.236 - INFO: epoch: 1	
23-03-31 08:52:15.236 - INFO: iters: 158	
23-03-31 08:53:15.691 - INFO: train/mse_loss: 0.13295302247699303	
23-03-31 08:53:15.693 - INFO: epoch: 2	
23-03-31 08:53:15.693 - INFO: iters: 316	
23-03-31 08:54:05.438 - INFO: train/mse_loss: 0.058767140850342243	
23-03-31 08:54:05.439 - INFO: epoch: 3	
23-03-31 08:54:05.439 - INFO: iters: 474	
23-03-31 08:55:03.286 - INFO: train/mse_loss: 0.03204426195625734	
23-03-31 08:55:03.286 - INFO: epoch: 4	
23-03-31 08:55:03.286 - INFO: iters: 632	
23-03-31 08:56:04.230 - INFO: train/mse_loss: 0.032947409999721886	
23-03-31 08:56:04.231 - INFO: epoch: 5	
23-03-31 08:56:04.231 - INFO: iters: 790	
23-03-31 08:56:04.231 - INFO: 


------------------------------Validation Start------------------------------
23-03-31 09:02:25.306 - INFO: val/mae: 0.0632675513625145	
23-03-31 09:02:25.307 - INFO: 
------------------------------Validation End------------------------------


23-03-31 09:03:20.522 - INFO: train/mse_loss: 0.02891454628751248	
23-03-31 09:03:20.523 - INFO: epoch: 6	
23-03-31 09:03:20.524 - INFO: iters: 950	
23-03-31 09:03:41.608 - INFO: train/mse_loss: 0.01860012674704194	
23-03-31 09:04:24.230 - INFO: train/mse_loss: 0.02017145218693097	
23-03-31 09:04:24.230 - INFO: epoch: 7	
23-03-31 09:04:24.230 - INFO: iters: 1108	
23-03-31 09:05:23.989 - INFO: train/mse_loss: 0.015245691559253897	
23-03-31 09:05:23.990 - INFO: epoch: 8	
23-03-31 09:05:23.990 - INFO: iters: 1266	
23-03-31 09:06:19.240 - INFO: train/mse_loss: 0.01894143092021629	
23-03-31 09:06:19.241 - INFO: epoch: 9	
23-03-31 09:06:19.241 - INFO: iters: 1424	
23-03-31 09:07:17.174 - INFO: train/mse_loss: 0.022007241234318884	
23-03-31 09:07:17.175 - INFO: epoch: 10	
23-03-31 09:07:17.175 - INFO: iters: 1582	
23-03-31 09:07:17.175 - INFO: 


------------------------------Validation Start------------------------------
23-03-31 09:13:22.978 - INFO: val/mae: 0.0381598025560379	
23-03-31 09:13:22.979 - INFO: 
------------------------------Validation End------------------------------


23-03-31 09:14:25.238 - INFO: train/mse_loss: 0.01833434349966318	
23-03-31 09:14:25.239 - INFO: epoch: 11	
23-03-31 09:14:25.239 - INFO: iters: 1742	
23-03-31 09:15:15.533 - INFO: train/mse_loss: 0.019407816324825102	
23-03-31 09:15:15.534 - INFO: epoch: 12	
23-03-31 09:15:15.534 - INFO: iters: 1900	
23-03-31 09:15:55.927 - INFO: train/mse_loss: 0.012773299313848838	
23-03-31 09:16:18.632 - INFO: train/mse_loss: 0.01265208588845297	
23-03-31 09:16:18.633 - INFO: epoch: 13	
23-03-31 09:16:18.633 - INFO: iters: 2058	
23-03-31 09:17:21.668 - INFO: train/mse_loss: 0.018395525383795436	
23-03-31 09:17:21.668 - INFO: epoch: 14	
23-03-31 09:17:21.668 - INFO: iters: 2216	
23-03-31 09:18:12.698 - INFO: train/mse_loss: 0.010946391840742406	
23-03-31 09:18:12.699 - INFO: epoch: 15	
23-03-31 09:18:12.699 - INFO: iters: 2374	
23-03-31 09:18:12.699 - INFO: 


------------------------------Validation Start------------------------------
23-03-31 09:24:15.991 - INFO: val/mae: 0.01749511994421482	
23-03-31 09:24:15.991 - INFO: 
------------------------------Validation End------------------------------


23-03-31 09:25:15.322 - INFO: train/mse_loss: 0.014408234047078633	
23-03-31 09:25:15.322 - INFO: epoch: 16	
23-03-31 09:25:15.323 - INFO: iters: 2534	
23-03-31 09:26:18.928 - INFO: train/mse_loss: 0.011973523132906802	
23-03-31 09:26:18.929 - INFO: epoch: 17	
23-03-31 09:26:18.934 - INFO: iters: 2692	
23-03-31 09:27:14.760 - INFO: train/mse_loss: 0.010828919229804997	
23-03-31 09:27:14.760 - INFO: epoch: 18	
23-03-31 09:27:14.760 - INFO: iters: 2850	
23-03-31 09:28:13.144 - INFO: train/mse_loss: 0.012987857766759892	
23-03-31 09:28:16.576 - INFO: train/mse_loss: 0.012964370853526965	
23-03-31 09:28:16.576 - INFO: epoch: 19	
23-03-31 09:28:16.576 - INFO: iters: 3008	
23-03-31 09:29:19.066 - INFO: train/mse_loss: 0.01346468752179342	
23-03-31 09:29:19.067 - INFO: epoch: 20	
23-03-31 09:29:19.067 - INFO: iters: 3166	
23-03-31 09:29:19.067 - INFO: 


------------------------------Validation Start------------------------------
23-03-31 09:35:19.157 - INFO: val/mae: 0.061522096395492554	
23-03-31 09:35:19.158 - INFO: 
------------------------------Validation End------------------------------


23-03-31 09:36:17.819 - INFO: train/mse_loss: 0.011154339859141273	
23-03-31 09:36:17.820 - INFO: epoch: 21	
23-03-31 09:36:17.820 - INFO: iters: 3326	
23-03-31 09:37:14.343 - INFO: train/mse_loss: 0.01344320505836837	
23-03-31 09:37:14.344 - INFO: epoch: 22	
23-03-31 09:37:14.344 - INFO: iters: 3484	
23-03-31 09:38:16.857 - INFO: train/mse_loss: 0.012059735470227425	
23-03-31 09:38:16.857 - INFO: epoch: 23	
23-03-31 09:38:16.857 - INFO: iters: 3642	
23-03-31 09:39:15.449 - INFO: train/mse_loss: 0.011296918781111723	
23-03-31 09:39:15.449 - INFO: epoch: 24	
23-03-31 09:39:15.449 - INFO: iters: 3800	
23-03-31 09:40:12.350 - INFO: train/mse_loss: 0.009847259514411039	
23-03-31 09:40:12.351 - INFO: epoch: 25	
23-03-31 09:40:12.351 - INFO: iters: 3958	
23-03-31 09:40:12.351 - INFO: 


------------------------------Validation Start------------------------------
23-03-31 09:46:15.450 - INFO: val/mae: 0.1315218210220337	
23-03-31 09:46:15.450 - INFO: 
------------------------------Validation End------------------------------


23-03-31 09:46:30.982 - INFO: train/mse_loss: 0.014077652047853917	
23-03-31 09:47:13.900 - INFO: train/mse_loss: 0.011450809461972382	
23-03-31 09:47:13.901 - INFO: epoch: 26	
23-03-31 09:47:13.901 - INFO: iters: 4118	
23-03-31 09:48:10.990 - INFO: train/mse_loss: 0.010849620077075272	
23-03-31 09:48:10.991 - INFO: epoch: 27	
23-03-31 09:48:10.991 - INFO: iters: 4276	
23-03-31 09:49:00.354 - INFO: train/mse_loss: 0.010266569185165005	
23-03-31 09:49:00.355 - INFO: epoch: 28	
23-03-31 09:49:00.355 - INFO: iters: 4434	
23-03-31 09:50:02.565 - INFO: train/mse_loss: 0.00934598502471654	
23-03-31 09:50:02.567 - INFO: epoch: 29	
23-03-31 09:50:02.567 - INFO: iters: 4592	
23-03-31 09:51:04.983 - INFO: train/mse_loss: 0.008143538384421292	
23-03-31 09:51:04.984 - INFO: epoch: 30	
23-03-31 09:51:04.984 - INFO: iters: 4750	
23-03-31 09:51:04.984 - INFO: 


------------------------------Validation Start------------------------------
23-03-31 09:57:01.908 - INFO: val/mae: 0.04488316923379898	
23-03-31 09:57:01.909 - INFO: 
------------------------------Validation End------------------------------


23-03-31 09:58:04.225 - INFO: train/mse_loss: 0.006982466218848654	
23-03-31 09:58:04.226 - INFO: epoch: 31	
23-03-31 09:58:04.226 - INFO: iters: 4910	
23-03-31 09:58:32.832 - INFO: train/mse_loss: 0.009136334780163857	
23-03-31 09:58:59.871 - INFO: train/mse_loss: 0.010445103537043721	
23-03-31 09:58:59.872 - INFO: epoch: 32	
23-03-31 09:58:59.872 - INFO: iters: 5068	
23-03-31 09:59:59.277 - INFO: train/mse_loss: 0.011736752207116872	
23-03-31 09:59:59.277 - INFO: epoch: 33	
23-03-31 09:59:59.278 - INFO: iters: 5226	
23-03-31 10:00:52.998 - INFO: train/mse_loss: 0.008312212909119428	
23-03-31 10:00:53.000 - INFO: epoch: 34	
23-03-31 10:00:53.000 - INFO: iters: 5384	
23-03-31 10:01:42.488 - INFO: train/mse_loss: 0.004863873978817388	
23-03-31 10:01:42.488 - INFO: epoch: 35	
23-03-31 10:01:42.488 - INFO: iters: 5542	
23-03-31 10:01:42.489 - INFO: 


------------------------------Validation Start------------------------------
23-03-31 10:07:47.332 - INFO: val/mae: 0.031039049848914146	
23-03-31 10:07:47.333 - INFO: 
------------------------------Validation End------------------------------


23-03-31 10:08:49.327 - INFO: train/mse_loss: 0.008723008901004596	
23-03-31 10:08:49.328 - INFO: epoch: 36	
23-03-31 10:08:49.328 - INFO: iters: 5702	
23-03-31 10:09:51.715 - INFO: train/mse_loss: 0.009682576611558495	
23-03-31 10:09:51.716 - INFO: epoch: 37	
23-03-31 10:09:51.716 - INFO: iters: 5860	
23-03-31 10:10:37.014 - INFO: train/mse_loss: 0.008186313734664248	
23-03-31 10:10:43.438 - INFO: train/mse_loss: 0.00929889195142579	
23-03-31 10:10:43.438 - INFO: epoch: 38	
23-03-31 10:10:43.438 - INFO: iters: 6018	
23-03-31 10:11:45.412 - INFO: train/mse_loss: 0.008647262534867866	
23-03-31 10:11:45.417 - INFO: epoch: 39	
23-03-31 10:11:45.417 - INFO: iters: 6176	
23-03-31 10:12:44.925 - INFO: train/mse_loss: 0.009308908066544328	
23-03-31 10:12:44.926 - INFO: epoch: 40	
23-03-31 10:12:44.926 - INFO: iters: 6334	
23-03-31 10:12:44.926 - INFO: 


------------------------------Validation Start------------------------------
23-03-31 10:18:37.280 - INFO: val/mae: 0.062129877507686615	
23-03-31 10:18:37.281 - INFO: 
------------------------------Validation End------------------------------


23-03-31 10:19:39.130 - INFO: train/mse_loss: 0.006891588665710031	
23-03-31 10:19:39.131 - INFO: epoch: 41	
23-03-31 10:19:39.131 - INFO: iters: 6494	
23-03-31 10:20:35.471 - INFO: train/mse_loss: 0.008647469455181751	
23-03-31 10:20:35.472 - INFO: epoch: 42	
23-03-31 10:20:35.472 - INFO: iters: 6652	
23-03-31 10:21:37.749 - INFO: train/mse_loss: 0.00685041362664344	
23-03-31 10:21:37.751 - INFO: epoch: 43	
23-03-31 10:21:37.751 - INFO: iters: 6810	
23-03-31 10:22:38.619 - INFO: train/mse_loss: 0.007004194533381658	
23-03-31 10:22:38.620 - INFO: epoch: 44	
23-03-31 10:22:38.620 - INFO: iters: 6968	
23-03-31 10:22:48.455 - INFO: train/mse_loss: 0.0034885071272583446	
23-03-31 10:23:36.798 - INFO: train/mse_loss: 0.005932681590740133	
23-03-31 10:23:36.799 - INFO: epoch: 45	
23-03-31 10:23:36.799 - INFO: iters: 7126	
23-03-31 10:23:36.799 - INFO: 


------------------------------Validation Start------------------------------
23-03-31 10:29:23.110 - INFO: val/mae: 0.05043664574623108	
23-03-31 10:29:23.111 - INFO: 
------------------------------Validation End------------------------------


23-03-31 10:30:18.673 - INFO: train/mse_loss: 0.009359777731529165	
23-03-31 10:30:18.673 - INFO: epoch: 46	
23-03-31 10:30:18.674 - INFO: iters: 7286	
23-03-31 10:31:19.700 - INFO: train/mse_loss: 0.006597084692853232	
23-03-31 10:31:19.700 - INFO: epoch: 47	
23-03-31 10:31:19.700 - INFO: iters: 7444	
23-03-31 10:32:16.900 - INFO: train/mse_loss: 0.0054112102171771604	
23-03-31 10:32:16.901 - INFO: epoch: 48	
23-03-31 10:32:16.901 - INFO: iters: 7602	
23-03-31 10:33:11.812 - INFO: train/mse_loss: 0.00850098525193119	
23-03-31 10:33:11.813 - INFO: epoch: 49	
23-03-31 10:33:11.814 - INFO: iters: 7760	
23-03-31 10:34:12.257 - INFO: train/mse_loss: 0.0069000274889742886	
23-03-31 10:34:12.258 - INFO: epoch: 50	
23-03-31 10:34:12.258 - INFO: iters: 7918	
23-03-31 10:34:12.258 - INFO: 


------------------------------Validation Start------------------------------
23-03-31 10:39:50.299 - INFO: val/mae: 0.010216972790658474	
23-03-31 10:39:50.299 - INFO: 
------------------------------Validation End------------------------------


23-03-31 10:40:19.051 - INFO: train/mse_loss: 0.010712453671294498	
23-03-31 10:40:46.691 - INFO: train/mse_loss: 0.009326477154508775	
23-03-31 10:40:46.691 - INFO: epoch: 51	
23-03-31 10:40:46.691 - INFO: iters: 8078	
23-03-31 10:41:42.763 - INFO: train/mse_loss: 0.005807932914799091	
23-03-31 10:41:42.764 - INFO: epoch: 52	
23-03-31 10:41:42.764 - INFO: iters: 8236	
23-03-31 10:42:32.784 - INFO: train/mse_loss: 0.006794027343673832	
23-03-31 10:42:32.786 - INFO: epoch: 53	
23-03-31 10:42:32.786 - INFO: iters: 8394	
