23-03-31 11:04:08.127 - INFO: Create the log file in directory experiments/train_inpainting_rail_230331_110407.

23-03-31 11:04:08.187 - INFO: Dataset [InpaintDataset() form data.dataset] is created.
23-03-31 11:04:08.189 - INFO: Dataset for train have 988 samples.
23-03-31 11:04:08.189 - INFO: Dataset for val have 2 samples.
23-03-31 11:04:09.012 - INFO: Network [Network() form models.network] is created.
23-03-31 11:04:09.012 - INFO: Network [Network] weights initialize using [kaiming] method.
23-03-31 11:04:09.860 - WARNING: Config is a str, converts to a dict {'name': 'mae'}
23-03-31 11:04:10.404 - INFO: Metric [mae() form models.metric] is created.
23-03-31 11:04:10.405 - WARNING: Config is a str, converts to a dict {'name': 'mse_loss'}
23-03-31 11:04:10.405 - INFO: Loss [mse_loss() form models.loss] is created.
23-03-31 11:04:40.104 - INFO: Beign loading pretrained model [Network] ...
23-03-31 11:04:40.104 - WARNING: Pretrained model in [./checkpoint/rail/190_Network.pth] is not existed, Skip it
23-03-31 11:04:40.104 - INFO: Beign loading pretrained model [Network_ema] ...
23-03-31 11:04:40.104 - WARNING: Pretrained model in [./checkpoint/rail/190_Network_ema.pth] is not existed, Skip it
23-03-31 11:04:40.107 - INFO: Beign loading training states
23-03-31 11:04:40.107 - WARNING: Training state in [./checkpoint/rail/190.state] is not existed, Skip it
23-03-31 11:04:40.127 - INFO: Model [Palette() form models.model] is created.
23-03-31 11:04:40.128 - INFO: Begin model train.
23-03-31 11:11:01.757 - INFO: train/mse_loss: 0.06570793847107566	
23-03-31 11:11:01.758 - INFO: epoch: 1	
23-03-31 11:11:01.758 - INFO: iters: 988	
23-03-31 11:11:06.898 - INFO: train/mse_loss: 0.011503712312939266	
23-03-31 11:17:00.397 - INFO: train/mse_loss: 0.017564735381059474	
23-03-31 11:17:00.397 - INFO: epoch: 2	
23-03-31 11:17:00.397 - INFO: iters: 1976	
23-03-31 11:17:10.353 - INFO: train/mse_loss: 0.025200171522252884	
23-03-31 11:22:39.235 - INFO: train/mse_loss: 0.012287315633525009	
23-03-31 11:22:39.251 - INFO: epoch: 3	
23-03-31 11:22:39.251 - INFO: iters: 2964	
23-03-31 11:22:52.987 - INFO: train/mse_loss: 0.012582748998991318	
23-03-31 11:28:10.667 - INFO: train/mse_loss: 0.010519558979058827	
23-03-31 11:28:10.668 - INFO: epoch: 4	
23-03-31 11:28:10.668 - INFO: iters: 3952	
23-03-31 11:28:28.940 - INFO: train/mse_loss: 0.012766774348468365	
23-03-31 11:33:43.283 - INFO: train/mse_loss: 0.010797607543244808	
23-03-31 11:33:43.283 - INFO: epoch: 5	
23-03-31 11:33:43.284 - INFO: iters: 4940	
23-03-31 11:33:43.284 - INFO: 


------------------------------Validation Start------------------------------
23-03-31 11:39:16.070 - INFO: val/mae: 0.09673431515693665	
23-03-31 11:39:16.070 - INFO: 
------------------------------Validation End------------------------------


23-03-31 11:39:38.357 - INFO: train/mse_loss: 0.008408438877989378	
23-03-31 11:44:43.840 - INFO: train/mse_loss: 0.008407475278563873	
23-03-31 11:44:43.840 - INFO: epoch: 6	
23-03-31 11:44:43.840 - INFO: iters: 5930	
23-03-31 11:45:02.941 - INFO: train/mse_loss: 0.009084149182308465	
23-03-31 11:50:16.424 - INFO: train/mse_loss: 0.00797788649931765	
23-03-31 11:50:16.425 - INFO: epoch: 7	
23-03-31 11:50:16.425 - INFO: iters: 6918	
23-03-31 11:50:37.879 - INFO: train/mse_loss: 0.009219207449904189	
23-03-31 11:55:57.469 - INFO: train/mse_loss: 0.0070514505792294655	
23-03-31 11:55:57.469 - INFO: epoch: 8	
23-03-31 11:55:57.469 - INFO: iters: 7906	
23-03-31 11:56:27.260 - INFO: train/mse_loss: 0.0070324631741002916	
23-03-31 12:01:38.389 - INFO: train/mse_loss: 0.00785138840905649	
23-03-31 12:01:38.390 - INFO: epoch: 9	
23-03-31 12:01:38.390 - INFO: iters: 8894	
23-03-31 12:02:14.932 - INFO: train/mse_loss: 0.007681746798005166	
23-03-31 12:07:32.092 - INFO: train/mse_loss: 0.007403500485768907	
23-03-31 12:07:32.093 - INFO: epoch: 10	
23-03-31 12:07:32.093 - INFO: iters: 9882	
23-03-31 12:07:32.093 - INFO: 


------------------------------Validation Start------------------------------
23-03-31 12:13:14.285 - INFO: val/mae: 0.016803275793790817	
23-03-31 12:13:14.285 - INFO: 
------------------------------Validation End------------------------------


23-03-31 12:13:55.702 - INFO: train/mse_loss: 0.00965517125537033	
23-03-31 12:19:05.705 - INFO: train/mse_loss: 0.0060711425572765945	
23-03-31 12:19:05.705 - INFO: epoch: 11	
23-03-31 12:19:05.705 - INFO: iters: 10872	
23-03-31 12:19:56.129 - INFO: train/mse_loss: 0.007237447387524298	
23-03-31 12:25:06.762 - INFO: train/mse_loss: 0.006445265775255393	
23-03-31 12:25:06.762 - INFO: epoch: 12	
23-03-31 12:25:06.763 - INFO: iters: 11860	
23-03-31 12:25:57.882 - INFO: train/mse_loss: 0.00604129552458679	
23-03-31 12:30:50.658 - INFO: train/mse_loss: 0.006191364879466462	
23-03-31 12:30:50.658 - INFO: epoch: 13	
23-03-31 12:30:50.658 - INFO: iters: 12848	
23-03-31 12:31:50.760 - INFO: train/mse_loss: 0.00372225459030137	
23-03-31 12:36:54.630 - INFO: train/mse_loss: 0.005029438392584743	
23-03-31 12:36:54.631 - INFO: epoch: 14	
23-03-31 12:36:54.631 - INFO: iters: 13836	
23-03-31 12:37:58.765 - INFO: train/mse_loss: 0.004650772436345905	
23-03-31 12:42:45.038 - INFO: train/mse_loss: 0.005266860133531972	
23-03-31 12:42:45.039 - INFO: epoch: 15	
23-03-31 12:42:45.039 - INFO: iters: 14824	
23-03-31 12:42:45.039 - INFO: 


------------------------------Validation Start------------------------------
23-03-31 12:48:56.987 - INFO: val/mae: 0.05112413316965103	
23-03-31 12:48:56.987 - INFO: 
------------------------------Validation End------------------------------


23-03-31 12:50:03.114 - INFO: train/mse_loss: 0.004586151299677687	
23-03-31 12:54:48.674 - INFO: train/mse_loss: 0.004430400629217151	
23-03-31 12:54:48.675 - INFO: epoch: 16	
23-03-31 12:54:48.675 - INFO: iters: 15814	
23-03-31 12:56:01.955 - INFO: train/mse_loss: 0.006100899366360228	
23-03-31 13:00:55.226 - INFO: train/mse_loss: 0.005084297854917808	
23-03-31 13:00:55.227 - INFO: epoch: 17	
23-03-31 13:00:55.227 - INFO: iters: 16802	
23-03-31 13:02:13.532 - INFO: train/mse_loss: 0.00357173410781678	
23-03-31 13:06:48.331 - INFO: train/mse_loss: 0.00577521500984105	
23-03-31 13:06:48.332 - INFO: epoch: 18	
23-03-31 13:06:48.332 - INFO: iters: 17790	
23-03-31 13:08:09.816 - INFO: train/mse_loss: 0.003236058412793292	
23-03-31 13:12:43.826 - INFO: train/mse_loss: 0.003994878499143237	
23-03-31 13:12:43.827 - INFO: epoch: 19	
23-03-31 13:12:43.827 - INFO: iters: 18778	
23-03-31 13:14:09.267 - INFO: train/mse_loss: 0.005519754755106725	
23-03-31 13:18:42.656 - INFO: train/mse_loss: 0.0036421292022098964	
23-03-31 13:18:42.657 - INFO: epoch: 20	
23-03-31 13:18:42.657 - INFO: iters: 19766	
23-03-31 13:18:42.657 - INFO: 


------------------------------Validation Start------------------------------
23-03-31 13:24:30.630 - INFO: val/mae: 0.02275637723505497	
23-03-31 13:24:30.630 - INFO: 
------------------------------Validation End------------------------------


23-03-31 13:25:52.033 - INFO: train/mse_loss: 0.005700738123025452	
23-03-31 13:30:31.590 - INFO: train/mse_loss: 0.004855234966503359	
23-03-31 13:30:31.591 - INFO: epoch: 21	
23-03-31 13:30:31.591 - INFO: iters: 20756	
23-03-31 13:31:57.135 - INFO: train/mse_loss: 0.005027192516193236	
23-03-31 13:36:27.705 - INFO: train/mse_loss: 0.0039666967525329305	
23-03-31 13:36:27.705 - INFO: epoch: 22	
23-03-31 13:36:27.705 - INFO: iters: 21744	
23-03-31 13:37:56.589 - INFO: train/mse_loss: 0.00356874497475701	
23-03-31 13:42:34.806 - INFO: train/mse_loss: 0.0037005525968720485	
23-03-31 13:42:34.806 - INFO: epoch: 23	
23-03-31 13:42:34.806 - INFO: iters: 22732	
23-03-31 13:43:51.996 - INFO: train/mse_loss: 0.0029300476477662563	
23-03-31 13:48:17.038 - INFO: train/mse_loss: 0.003466258438419598	
23-03-31 13:48:17.039 - INFO: epoch: 24	
23-03-31 13:48:17.039 - INFO: iters: 23720	
23-03-31 13:50:04.628 - INFO: train/mse_loss: 0.0017657461846153767	
23-03-31 13:54:37.617 - INFO: train/mse_loss: 0.002590108582992279	
23-03-31 13:54:37.617 - INFO: epoch: 25	
23-03-31 13:54:37.617 - INFO: iters: 24708	
23-03-31 13:54:37.617 - INFO: 


------------------------------Validation Start------------------------------
23-03-31 14:01:51.192 - INFO: val/mae: 0.030666280537843704	
23-03-31 14:01:51.193 - INFO: 
------------------------------Validation End------------------------------


23-03-31 14:03:47.780 - INFO: train/mse_loss: 0.0032254682703280885	
23-03-31 14:08:11.168 - INFO: train/mse_loss: 0.00255685228834269	
23-03-31 14:08:11.169 - INFO: epoch: 26	
23-03-31 14:08:11.169 - INFO: iters: 25698	
23-03-31 14:10:10.398 - INFO: train/mse_loss: 0.005758388501666957	
23-03-31 14:14:38.162 - INFO: train/mse_loss: 0.0033136148853932703	
23-03-31 14:14:38.162 - INFO: epoch: 27	
23-03-31 14:14:38.162 - INFO: iters: 26686	
23-03-31 14:16:40.499 - INFO: train/mse_loss: 0.0037236724473685427	
23-03-31 14:21:04.646 - INFO: train/mse_loss: 0.003141741576799081	
23-03-31 14:21:04.646 - INFO: epoch: 28	
23-03-31 14:21:04.646 - INFO: iters: 27674	
23-03-31 14:23:05.088 - INFO: train/mse_loss: 0.0050373262772149124	
23-03-31 14:27:21.834 - INFO: train/mse_loss: 0.004926125791052798	
23-03-31 14:27:21.834 - INFO: epoch: 29	
23-03-31 14:27:21.834 - INFO: iters: 28662	
23-03-31 14:29:35.582 - INFO: train/mse_loss: 0.003133260518870077	
23-03-31 14:33:43.983 - INFO: train/mse_loss: 0.003287387266513554	
23-03-31 14:33:43.984 - INFO: epoch: 30	
23-03-31 14:33:43.984 - INFO: iters: 29650	
23-03-31 14:33:43.984 - INFO: 


------------------------------Validation Start------------------------------
23-03-31 14:40:41.669 - INFO: val/mae: 0.09152702987194061	
23-03-31 14:40:41.670 - INFO: 
------------------------------Validation End------------------------------


23-03-31 14:42:56.418 - INFO: train/mse_loss: 0.002992453955164234	
23-03-31 14:47:03.742 - INFO: train/mse_loss: 0.0027871707891308356	
23-03-31 14:47:03.743 - INFO: epoch: 31	
23-03-31 14:47:03.743 - INFO: iters: 30640	
23-03-31 14:49:23.214 - INFO: train/mse_loss: 0.0034183870326362216	
23-03-31 14:53:21.715 - INFO: train/mse_loss: 0.0032676235102412224	
23-03-31 14:53:21.716 - INFO: epoch: 32	
23-03-31 14:53:21.716 - INFO: iters: 31628	
23-03-31 14:55:44.857 - INFO: train/mse_loss: 0.0025292654568783222	
23-03-31 14:59:35.912 - INFO: train/mse_loss: 0.0024743826000447277	
23-03-31 14:59:35.913 - INFO: epoch: 33	
23-03-31 14:59:35.913 - INFO: iters: 32616	
23-03-31 15:02:02.335 - INFO: train/mse_loss: 0.0027458969920151808	
23-03-31 15:05:48.971 - INFO: train/mse_loss: 0.003570113620232519	
23-03-31 15:05:48.971 - INFO: epoch: 34	
23-03-31 15:05:48.972 - INFO: iters: 33604	
